0 info it worked if it ends with ok
1 verbose cli [ '/usr/local/bin/node', '/usr/local/bin/npm', 'start' ]
2 info using npm@3.5.0
3 info using node@v5.0.0
4 verbose run-script [ 'prestart', 'start', 'poststart' ]
5 info lifecycle liuhzz@0.0.1~prestart: liuhzz@0.0.1
6 silly lifecycle liuhzz@0.0.1~prestart: no script for prestart, continuing
7 info lifecycle liuhzz@0.0.1~start: liuhzz@0.0.1
8 verbose lifecycle liuhzz@0.0.1~start: unsafe-perm in lifecycle true
9 verbose lifecycle liuhzz@0.0.1~start: PATH: /usr/local/lib/node_modules/npm/bin/node-gyp-bin:/Applications/XAMPP/xamppfiles/htdocs/DatePicker/node_modules/.bin:/usr/local/bin:/usr/bin:/bin:/usr/sbin:/sbin
10 verbose lifecycle liuhzz@0.0.1~start: CWD: /Applications/XAMPP/xamppfiles/htdocs/DatePicker
11 silly lifecycle liuhzz@0.0.1~start: Args: [ '-c', 'webpack-dev-server --hot --inline' ]
12 silly lifecycle liuhzz@0.0.1~start: Returned: code: 1  signal: null
13 info lifecycle liuhzz@0.0.1~start: Failed to exec start script
14 verbose stack Error: liuhzz@0.0.1 start: `webpack-dev-server --hot --inline`
14 verbose stack Exit status 1
14 verbose stack     at EventEmitter.<anonymous> (/usr/local/lib/node_modules/npm/lib/utils/lifecycle.js:232:16)
14 verbose stack     at emitTwo (events.js:87:13)
14 verbose stack     at EventEmitter.emit (events.js:172:7)
14 verbose stack     at ChildProcess.<anonymous> (/usr/local/lib/node_modules/npm/lib/utils/spawn.js:24:14)
14 verbose stack     at emitTwo (events.js:87:13)
14 verbose stack     at ChildProcess.emit (events.js:172:7)
14 verbose stack     at maybeClose (internal/child_process.js:818:16)
14 verbose stack     at Process.ChildProcess._handle.onexit (internal/child_process.js:211:5)
15 verbose pkgid liuhzz@0.0.1
16 verbose cwd /Applications/XAMPP/xamppfiles/htdocs/DatePicker
17 error Darwin 15.0.0
18 error argv "/usr/local/bin/node" "/usr/local/bin/npm" "start"
19 error node v5.0.0
20 error npm  v3.5.0
21 error code ELIFECYCLE
22 error liuhzz@0.0.1 start: `webpack-dev-server --hot --inline`
22 error Exit status 1
23 error Failed at the liuhzz@0.0.1 start script 'webpack-dev-server --hot --inline'.
23 error Make sure you have the latest version of node.js and npm installed.
23 error If you do, this is most likely a problem with the liuhzz package,
23 error not with npm itself.
23 error Tell the author that this fails on your system:
23 error     webpack-dev-server --hot --inline
23 error You can get their info via:
23 error     npm owner ls liuhzz
23 error There is likely additional logging output above.
24 verbose exit [ 1, true ]
